TN:
SF:features\base\base.ctrl.ts
FNF:3
FNH:2
DA:1,54
DA:2,41
DA:3,43
DA:4,50
DA:5,43
DA:6,47
DA:7,62
DA:8,59
DA:9,18
DA:10,5
DA:11,69
DA:12,64
DA:13,19
DA:14,43
DA:15,57
DA:16,55
DA:17,51
DA:18,55
DA:19,55
DA:20,63
DA:21,70
DA:22,49
DA:23,52
DA:24,55
DA:25,52
DA:26,41
DA:27,43
DA:28,73
DA:29,56
DA:30,6
DA:31,4
DA:32,36
DA:33,3
DA:34,0
DA:35,0
DA:36,0
DA:37,0
DA:38,0
DA:39,0
DA:40,0
DA:41,0
DA:42,0
DA:43,0
DA:44,0
DA:45,0
DA:46,0
DA:47,0
DA:48,0
DA:49,2
DA:50,5
DA:51,64
DA:52,19
DA:53,31
DA:54,62
DA:55,4
DA:56,2
DA:57,2
DA:58,23
LF:59
LH:43
end_of_record
TN:
SF:features\base\base.store.ts
FNF:2
FNH:2
DA:1,47
DA:2,45
DA:3,40
DA:4,31
DA:5,2
DA:6,38
DA:7,31
DA:8,16
DA:9,4
DA:10,33
DA:11,38
DA:12,2
LF:13
LH:12
end_of_record
TN:
SF:features\base\base.utils.ts
FNF:3
FNH:3
DA:1,54
DA:2,10
DA:3,74
DA:4,1
DA:5,12
DA:6,71
DA:7,12
DA:8,50
DA:9,12
LF:11
LH:9
end_of_record
TN:
SF:features\bento-viewer\bento-viewer.const.ts
FNF:1
FNH:1
DA:1,47
DA:2,30
DA:3,31
DA:4,29
DA:5,12
DA:6,18
DA:7,18
DA:8,15
DA:9,18
DA:10,18
DA:11,16
DA:12,14
DA:13,18
DA:14,18
DA:15,16
DA:16,16
DA:17,18
DA:18,18
DA:19,16
DA:20,14
DA:21,18
DA:22,18
DA:23,17
DA:24,14
DA:25,18
DA:26,18
DA:27,16
DA:28,14
DA:29,18
DA:30,18
DA:31,16
DA:32,13
DA:33,18
DA:34,17
DA:35,15
DA:36,14
DA:37,18
DA:38,17
DA:39,14
DA:40,14
DA:41,18
DA:42,17
DA:43,14
DA:44,14
DA:45,18
DA:46,16
DA:47,15
DA:48,13
DA:49,18
DA:50,17
DA:51,16
DA:52,14
DA:53,18
DA:54,17
DA:55,16
DA:56,14
DA:57,18
DA:58,15
DA:59,11
DA:60,1
LF:61
LH:60
end_of_record
TN:
SF:features\bento-viewer\bento-viewer.ctrl.ts
FNF:24
FNH:3
DA:1,54
DA:2,90
DA:3,74
DA:4,70
DA:5,101
DA:6,47
DA:7,43
DA:8,59
DA:9,25
DA:10,22
DA:11,19
DA:12,30
DA:13,14
DA:14,21
DA:15,4
DA:16,34
DA:17,77
DA:18,25
DA:19,0
DA:20,0
DA:21,0
DA:22,0
DA:23,0
DA:24,0
DA:25,0
DA:26,0
DA:27,0
DA:28,0
DA:29,0
DA:30,0
DA:31,0
DA:32,0
DA:33,0
DA:34,0
DA:35,0
DA:36,0
DA:37,0
DA:38,0
DA:39,0
DA:40,3
DA:41,0
DA:42,0
DA:43,0
DA:44,0
DA:45,0
DA:46,0
DA:47,0
DA:48,0
DA:49,0
DA:50,0
DA:51,0
DA:52,0
DA:53,0
DA:54,0
DA:55,0
DA:56,0
DA:57,0
DA:58,0
DA:59,0
DA:60,0
DA:61,0
DA:62,0
DA:63,0
DA:64,0
DA:65,0
DA:66,0
DA:67,0
DA:68,0
DA:69,0
DA:70,0
DA:71,0
DA:72,2
DA:73,0
DA:74,0
DA:75,0
DA:76,0
DA:77,0
DA:78,0
DA:79,0
DA:80,0
DA:81,0
DA:82,0
DA:83,0
DA:84,0
DA:85,0
DA:86,0
DA:87,0
DA:88,0
DA:89,0
DA:90,0
DA:91,0
DA:92,0
DA:93,0
DA:94,0
DA:95,0
DA:96,0
DA:97,0
DA:98,0
DA:99,0
DA:100,0
DA:101,0
DA:102,0
DA:103,0
DA:104,0
DA:105,0
DA:106,0
DA:107,0
DA:108,0
DA:109,0
DA:110,0
DA:111,0
DA:112,0
DA:113,0
DA:114,0
DA:115,0
DA:116,0
DA:117,0
DA:118,0
DA:119,0
DA:120,0
DA:121,0
DA:122,0
DA:123,0
DA:124,0
DA:125,0
DA:126,0
DA:127,0
DA:128,0
DA:129,0
DA:130,0
DA:131,0
DA:132,0
DA:133,2
DA:134,0
DA:135,0
DA:136,0
DA:137,0
DA:138,0
DA:139,0
DA:140,0
DA:141,0
DA:142,0
DA:143,0
DA:144,0
DA:145,0
DA:146,0
DA:147,0
DA:148,0
DA:149,0
DA:150,0
DA:151,0
DA:152,0
DA:153,2
DA:154,0
DA:155,0
DA:156,0
DA:157,0
DA:158,0
DA:159,0
DA:160,0
DA:161,0
DA:162,0
DA:163,0
DA:164,0
DA:165,0
DA:166,0
DA:167,0
DA:168,0
DA:169,0
DA:170,0
DA:171,0
DA:172,0
DA:173,2
DA:174,0
DA:175,0
DA:176,0
DA:177,0
DA:178,0
DA:179,0
DA:180,0
DA:181,0
DA:182,0
DA:183,0
DA:184,0
DA:185,0
DA:186,0
DA:187,0
DA:188,0
DA:189,0
DA:190,0
DA:191,0
DA:192,0
DA:193,0
DA:194,0
DA:195,0
DA:196,0
DA:197,0
DA:198,2
DA:199,0
DA:200,0
DA:201,0
DA:202,0
DA:203,0
DA:204,0
DA:205,0
DA:206,0
DA:207,0
DA:208,0
DA:209,0
DA:210,0
DA:211,2
DA:212,0
DA:213,0
DA:214,0
DA:215,0
DA:216,0
DA:217,0
DA:218,0
DA:219,0
DA:220,0
DA:221,0
DA:222,0
DA:223,0
DA:224,0
DA:225,0
DA:226,0
DA:227,2
DA:228,0
DA:229,0
DA:230,0
DA:231,0
DA:232,0
DA:233,0
DA:234,0
DA:235,0
DA:236,0
DA:237,0
DA:238,0
DA:239,0
DA:240,0
DA:241,0
DA:242,0
DA:243,0
DA:244,0
DA:245,0
DA:246,2
DA:247,0
DA:248,0
DA:249,0
DA:250,0
DA:251,0
DA:252,0
DA:253,0
DA:254,0
DA:255,0
DA:256,0
DA:257,0
DA:258,0
DA:259,0
DA:260,0
DA:261,0
DA:262,0
DA:263,0
DA:264,0
DA:265,0
DA:266,0
DA:267,0
DA:268,0
DA:269,0
DA:270,0
DA:271,0
DA:272,2
DA:273,0
DA:274,0
DA:275,0
DA:276,0
DA:277,0
DA:278,0
DA:279,0
DA:280,0
DA:281,0
DA:282,0
DA:283,0
DA:284,0
DA:285,0
DA:286,0
DA:287,0
DA:288,0
DA:289,0
DA:290,0
DA:291,0
DA:292,0
DA:293,0
DA:294,0
DA:295,0
DA:296,0
DA:297,0
DA:298,0
DA:299,0
DA:300,0
DA:301,0
DA:302,0
DA:303,0
DA:304,0
DA:305,0
DA:306,0
DA:307,0
DA:308,0
DA:309,0
DA:310,0
DA:311,0
DA:312,0
DA:313,0
DA:314,0
DA:315,0
DA:316,0
DA:317,0
DA:318,0
DA:319,0
DA:320,0
DA:321,0
DA:322,0
DA:323,0
DA:324,2
DA:325,0
DA:326,0
DA:327,0
DA:328,0
DA:329,0
DA:330,0
DA:331,0
DA:332,0
DA:333,0
DA:334,0
DA:335,0
DA:336,0
DA:337,0
DA:338,0
DA:339,0
DA:340,0
DA:341,0
DA:342,0
DA:343,0
DA:344,0
DA:345,0
DA:346,0
DA:347,0
DA:348,0
DA:349,0
DA:350,0
DA:351,0
DA:352,0
DA:353,0
DA:354,0
DA:355,0
DA:356,0
DA:357,0
DA:358,0
DA:359,2
DA:360,0
DA:361,0
DA:362,0
DA:363,0
DA:364,0
DA:365,0
DA:366,0
DA:367,0
DA:368,0
DA:369,0
DA:370,2
DA:371,0
DA:372,0
DA:373,0
DA:374,0
DA:375,0
DA:376,0
DA:377,2
DA:378,0
DA:379,0
DA:380,0
DA:381,0
DA:382,0
DA:383,0
DA:384,0
DA:385,0
DA:386,0
DA:387,0
DA:388,0
DA:389,0
DA:390,0
DA:391,0
DA:392,0
DA:393,0
DA:394,0
DA:395,2
DA:396,0
DA:397,0
DA:398,0
DA:399,2
DA:400,0
DA:401,0
DA:402,0
DA:403,2
DA:404,0
DA:405,0
DA:406,0
DA:407,2
DA:408,0
DA:409,0
DA:410,0
DA:411,0
DA:412,0
DA:413,0
DA:414,0
DA:415,0
DA:416,0
DA:417,0
DA:418,0
DA:419,2
DA:420,5
DA:421,29
DA:422,22
DA:423,5
DA:424,27
DA:425,5
DA:426,77
DA:427,25
DA:428,0
DA:429,1
DA:430,2
DA:431,2
DA:432,30
LF:433
LH:49
end_of_record
TN:
SF:features\composer\composer.ctrl.ts
FNF:4
FNH:0
DA:1,47
DA:2,49
DA:3,52
DA:4,47
DA:5,43
DA:6,51
DA:7,43
DA:8,57
DA:9,50
DA:10,22
DA:11,0
DA:12,0
DA:13,0
DA:14,0
DA:15,0
DA:16,0
DA:17,0
DA:18,0
DA:19,2
DA:20,0
DA:21,0
DA:22,0
DA:23,0
DA:24,0
DA:25,0
DA:26,0
DA:27,0
DA:28,0
DA:29,0
DA:30,0
DA:31,0
DA:32,0
DA:33,0
DA:34,0
DA:35,0
DA:36,0
DA:37,0
DA:38,0
DA:39,0
DA:40,0
DA:41,0
DA:42,0
DA:43,0
DA:44,0
DA:45,0
DA:46,0
DA:47,0
DA:48,0
DA:49,0
DA:50,0
DA:51,0
DA:52,0
DA:53,0
DA:54,0
DA:55,0
DA:56,0
DA:57,0
DA:58,0
DA:59,0
DA:60,0
DA:61,0
DA:62,0
DA:63,0
DA:64,0
DA:65,0
DA:66,0
DA:67,0
DA:68,0
DA:69,0
DA:70,0
DA:71,0
DA:72,0
DA:73,0
DA:74,0
DA:75,0
DA:76,0
DA:77,0
DA:78,0
DA:79,0
DA:80,0
DA:81,0
DA:82,0
DA:83,0
DA:84,0
DA:85,0
DA:86,0
DA:87,0
DA:88,0
DA:89,0
DA:90,0
DA:91,0
DA:92,0
DA:93,0
DA:94,0
DA:95,0
DA:96,0
DA:97,0
DA:98,0
DA:99,0
DA:100,2
DA:101,0
DA:102,0
DA:103,0
DA:104,0
DA:105,0
DA:106,0
DA:107,0
DA:108,0
DA:109,0
DA:110,0
DA:111,0
DA:112,0
DA:113,0
DA:114,0
DA:115,0
DA:116,0
DA:117,0
DA:118,0
DA:119,0
DA:120,0
DA:121,0
DA:122,0
DA:123,0
DA:124,0
DA:125,0
DA:126,0
DA:127,0
DA:128,0
DA:129,0
DA:130,0
DA:131,0
DA:132,0
DA:133,0
DA:134,0
DA:135,0
DA:136,0
DA:137,0
DA:138,0
DA:139,0
DA:140,0
DA:141,0
DA:142,0
DA:143,0
DA:144,2
DA:145,0
DA:146,0
DA:147,0
DA:148,1
DA:149,2
DA:150,27
LF:151
LH:16
end_of_record
TN:
SF:features\composer\composer.store.ts
FNF:5
FNH:0
DA:1,48
DA:2,52
DA:3,47
DA:4,51
DA:5,43
DA:6,57
DA:7,42
DA:8,61
DA:9,31
DA:10,28
DA:11,0
DA:12,0
DA:13,0
DA:14,0
DA:15,0
DA:16,0
DA:17,0
DA:18,0
DA:19,0
DA:20,0
DA:21,0
DA:22,0
DA:23,0
DA:24,0
DA:25,0
DA:26,0
DA:27,0
DA:28,0
DA:29,0
DA:30,0
DA:31,0
DA:32,0
DA:33,2
DA:34,0
DA:35,0
DA:36,0
DA:37,0
DA:38,0
DA:39,0
DA:40,0
DA:41,0
DA:42,0
DA:43,0
DA:44,0
DA:45,0
DA:46,0
DA:47,0
DA:48,0
DA:49,0
DA:50,0
DA:51,0
DA:52,2
DA:53,0
DA:54,0
DA:55,0
DA:56,2
DA:57,24
DA:58,4
DA:59,84
DA:60,16
DA:61,2
LF:62
LH:18
end_of_record
TN:
SF:features\composer\composer.utils.ts
FNF:1
FNH:1
DA:1,51
DA:2,16
DA:3,44
DA:4,19
DA:5,0
DA:6,1
DA:7,99
DA:8,46
DA:9,14
DA:10,0
DA:11,1
DA:12,15
LF:14
LH:10
end_of_record
TN:
SF:features\crafter-navigator\crafter-navigator.ctrl.ts
FNF:5
FNH:3
DA:1,66
DA:2,108
DA:3,50
DA:4,30
DA:5,5
DA:6,53
DA:7,19
DA:8,5
DA:9,55
DA:10,28
DA:11,40
DA:12,18
DA:13,37
DA:14,65
DA:15,52
DA:16,6
DA:17,6
DA:18,36
DA:19,61
DA:20,63
DA:21,0
DA:22,0
DA:23,3
DA:24,3
DA:25,0
DA:26,0
DA:27,0
DA:28,0
DA:29,0
DA:30,0
DA:31,0
DA:32,2
DA:33,5
DA:34,53
DA:35,18
DA:36,29
DA:37,19
DA:38,66
DA:39,68
DA:40,4
DA:41,25
DA:42,2
DA:43,2
DA:44,35
LF:45
LH:35
end_of_record
TN:
SF:features\crafter-navigator\crafter-navigator.store.ts
FNF:3
FNH:3
DA:1,50
DA:2,47
DA:3,44
DA:4,52
DA:5,12
DA:6,48
DA:7,43
DA:8,2
DA:9,50
DA:10,24
DA:11,8
DA:12,16
DA:13,4
DA:14,33
DA:15,38
DA:16,2
LF:17
LH:16
end_of_record
TN:
SF:features\crafter-navigator\crafter-navigator.utils.ts
FNF:3
FNH:2
DA:1,43
DA:2,66
DA:3,54
DA:4,50
DA:5,10
DA:6,64
DA:7,18
DA:8,58
DA:9,1
DA:10,17
DA:11,1
DA:12,14
DA:13,47
DA:14,46
DA:15,31
DA:16,25
DA:17,22
DA:18,47
DA:19,48
DA:20,47
DA:21,67
DA:22,49
DA:23,53
DA:24,38
DA:25,14
DA:26,1
DA:27,0
DA:28,0
DA:29,0
DA:30,0
DA:31,0
LF:34
LH:26
end_of_record
TN:
SF:features\crafter-navigator\crafter.navigator.const.ts
FNF:1
FNH:1
DA:1,47
DA:2,22
DA:3,3
DA:4,17
DA:5,12
DA:6,28
DA:7,29
DA:8,37
DA:9,6
DA:10,10
DA:11,58
DA:12,51
DA:13,106
DA:14,6
DA:15,18
DA:16,48
DA:17,43
DA:18,37
DA:19,5
DA:20,4
DA:21,3
DA:22,21
DA:23,12
DA:24,22
DA:25,21
DA:26,24
DA:27,6
DA:28,10
DA:29,56
DA:30,51
DA:31,93
DA:32,6
DA:33,18
DA:34,35
DA:35,32
DA:36,24
DA:37,5
DA:38,4
DA:39,3
DA:40,19
DA:41,12
DA:42,19
DA:43,19
DA:44,36
DA:45,6
DA:46,10
DA:47,55
DA:48,46
DA:49,105
DA:50,6
DA:51,18
DA:52,35
DA:53,31
DA:54,36
DA:55,5
DA:56,3
DA:57,1
LF:58
LH:57
end_of_record
TN:
SF:features\crafter-stepper\crafter-stepper.const.ts
FNF:1
FNH:1
DA:1,48
DA:2,60
DA:3,54
DA:4,46
DA:5,22
DA:6,3
DA:7,17
DA:8,40
DA:9,18
DA:10,4
DA:11,3
DA:12,21
DA:13,44
DA:14,22
DA:15,4
DA:16,3
DA:17,19
DA:18,42
DA:19,20
DA:20,3
DA:21,1
LF:22
LH:21
end_of_record
TN:
SF:features\crafter-stepper\crafter-stepper.ctrl.ts
FNF:6
FNH:5
DA:1,85
DA:2,70
DA:3,28
DA:4,20
DA:5,5
DA:6,0
DA:7,0
DA:8,3
DA:9,53
DA:10,3
DA:11,8
DA:12,62
DA:13,21
DA:14,5
DA:15,68
DA:16,19
DA:17,50
DA:18,0
DA:19,0
DA:20,0
DA:21,0
DA:22,0
DA:23,0
DA:24,0
DA:25,0
DA:26,0
DA:27,0
DA:28,3
DA:29,5
DA:30,25
DA:31,34
DA:32,2
DA:33,2
DA:34,33
LF:35
LH:22
end_of_record
TN:
SF:features\export\export .utils.ts
FNF:2
FNH:0
DA:1,59
DA:2,57
DA:3,43
DA:4,0
DA:5,0
DA:6,0
DA:7,0
DA:8,0
DA:9,0
DA:10,0
DA:11,0
DA:12,0
DA:13,0
DA:14,0
DA:15,0
DA:16,0
DA:17,0
DA:18,0
DA:19,0
DA:20,0
DA:22,1
DA:23,0
DA:24,0
DA:25,0
DA:26,0
DA:27,0
DA:28,0
DA:29,0
DA:30,0
DA:31,0
DA:32,0
DA:33,0
DA:34,0
DA:35,0
DA:36,0
DA:37,0
DA:38,0
LF:41
LH:4
end_of_record
TN:
SF:features\export\export.ctrl.ts
FNF:9
FNH:0
DA:1,47
DA:2,59
DA:3,57
DA:4,46
DA:5,43
DA:6,50
DA:7,63
DA:8,20
DA:9,0
DA:10,0
DA:11,0
DA:12,0
DA:13,0
DA:14,0
DA:15,0
DA:16,0
DA:17,0
DA:18,2
DA:19,0
DA:20,0
DA:21,0
DA:22,0
DA:23,0
DA:24,0
DA:25,0
DA:26,0
DA:27,0
DA:28,0
DA:29,0
DA:30,0
DA:31,0
DA:32,0
DA:33,0
DA:34,0
DA:35,0
DA:36,0
DA:37,0
DA:38,0
DA:39,0
DA:40,0
DA:41,0
DA:42,0
DA:43,0
DA:44,0
DA:45,0
DA:46,0
DA:47,0
DA:48,0
DA:49,0
DA:50,0
DA:51,0
DA:52,0
DA:53,0
DA:54,0
DA:55,0
DA:56,0
DA:57,0
DA:58,0
DA:59,0
DA:60,0
DA:61,0
DA:62,0
DA:63,0
DA:64,0
DA:65,0
DA:66,0
DA:67,0
DA:68,0
DA:69,0
DA:70,0
DA:71,0
DA:72,0
DA:73,0
DA:74,0
DA:75,0
DA:76,0
DA:77,0
DA:78,0
DA:79,0
DA:80,0
DA:81,0
DA:82,0
DA:83,0
DA:84,0
DA:85,0
DA:86,0
DA:87,0
DA:88,0
DA:89,0
DA:90,0
DA:91,0
DA:92,0
DA:93,0
DA:94,2
DA:95,0
DA:96,0
DA:97,0
DA:98,0
DA:99,0
DA:100,2
DA:101,0
DA:102,0
DA:103,0
DA:104,0
DA:105,0
DA:106,0
DA:107,0
DA:108,0
DA:109,0
DA:110,0
DA:111,2
DA:112,0
DA:113,0
DA:114,0
DA:115,0
DA:116,0
DA:117,0
DA:118,0
DA:119,0
DA:120,0
DA:121,0
DA:122,0
DA:123,0
DA:124,0
DA:125,0
DA:126,0
DA:127,2
DA:128,0
DA:129,0
DA:130,0
DA:131,0
DA:132,0
DA:133,0
DA:134,0
DA:135,0
DA:136,0
DA:137,0
DA:138,0
DA:139,0
DA:140,0
DA:141,0
DA:142,0
DA:143,0
DA:144,0
DA:145,0
DA:146,0
DA:147,0
DA:148,0
DA:149,0
DA:150,0
DA:151,0
DA:152,0
DA:153,0
DA:154,0
DA:155,0
DA:156,0
DA:157,0
DA:158,0
DA:159,0
DA:160,0
DA:161,0
DA:162,0
DA:163,0
DA:164,0
DA:165,0
DA:166,0
DA:167,0
DA:168,0
DA:169,0
DA:170,0
DA:171,0
DA:172,0
DA:173,0
DA:174,0
DA:175,0
DA:176,0
DA:177,0
DA:178,0
DA:179,0
DA:180,0
DA:181,0
DA:182,2
DA:183,0
DA:184,0
DA:185,0
DA:186,0
DA:187,0
DA:188,0
DA:189,0
DA:190,0
DA:191,0
DA:192,0
DA:193,0
DA:194,0
DA:195,0
DA:196,0
DA:197,0
DA:198,0
DA:199,0
DA:200,0
DA:201,0
DA:202,0
DA:203,0
DA:204,0
DA:205,0
DA:206,0
DA:207,0
DA:208,0
DA:209,0
DA:210,0
DA:211,0
DA:212,0
DA:213,0
DA:214,0
DA:215,0
DA:216,0
DA:217,2
DA:218,0
DA:219,0
DA:220,2
DA:221,0
DA:222,0
DA:223,0
DA:224,0
DA:225,0
DA:226,0
DA:227,1
DA:228,2
DA:229,25
LF:230
LH:19
end_of_record
TN:
SF:features\icon\icon.const.ts
FNF:1
FNH:1
DA:1,28
DA:2,30
DA:3,14
DA:4,14
DA:5,18
DA:6,16
DA:7,13
DA:8,16
DA:9,18
DA:10,22
DA:11,29
DA:12,15
DA:13,17
DA:14,18
DA:15,17
DA:16,21
DA:17,16
DA:18,22
DA:19,21
DA:20,23
DA:21,21
DA:22,21
DA:23,15
DA:24,13
DA:25,19
DA:26,23
DA:27,20
DA:28,18
DA:29,23
DA:30,24
DA:31,16
DA:32,17
DA:33,15
DA:34,17
DA:35,24
DA:36,24
DA:37,23
DA:38,22
DA:39,24
DA:40,18
DA:41,25
DA:42,22
DA:43,25
DA:44,16
DA:45,23
DA:46,19
DA:47,17
DA:48,16
DA:49,19
DA:50,20
DA:51,17
DA:52,22
DA:53,20
DA:54,16
DA:55,20
DA:56,20
DA:57,21
DA:58,21
DA:59,20
DA:60,18
DA:61,18
DA:62,16
DA:63,18
DA:64,15
DA:65,19
DA:66,17
DA:67,21
DA:68,22
DA:69,16
DA:70,18
DA:71,17
DA:72,17
DA:73,16
DA:74,15
DA:75,19
DA:76,29
DA:77,24
DA:78,19
DA:79,21
DA:80,26
DA:81,28
DA:82,29
DA:83,29
DA:84,15
DA:85,23
DA:86,21
DA:87,23
DA:88,22
DA:89,15
DA:90,21
DA:91,23
DA:92,16
DA:93,16
DA:94,26
DA:95,22
DA:96,15
DA:97,19
DA:98,20
DA:99,17
DA:100,26
DA:101,31
DA:102,31
DA:103,15
DA:104,15
DA:105,15
DA:106,25
DA:107,2
LF:108
LH:107
end_of_record
TN:
SF:features\icon\icon.ts
FNF:1
FNH:1
DA:1,41
DA:2,24
DA:3,33
DA:4,65
LF:6
LH:4
end_of_record
TN:
SF:features\recipe-url\recipe-url.const.ts
FNF:1
FNH:1
DA:1,38
LF:2
LH:1
end_of_record
TN:
SF:features\recipe-url\recipe-url.ctrl.ts
FNF:8
FNH:6
DA:1,47
DA:2,49
DA:3,59
DA:4,62
DA:5,51
DA:6,52
DA:7,30
DA:8,5
DA:9,21
DA:10,0
DA:11,0
DA:12,3
DA:13,0
DA:14,0
DA:15,3
DA:16,3
DA:17,5
DA:18,46
DA:19,56
DA:20,17
DA:21,28
DA:22,1
DA:23,44
DA:24,16
DA:25,5
DA:26,62
DA:27,37
DA:28,35
DA:29,85
DA:30,45
DA:31,57
DA:32,62
DA:33,6
DA:34,3
DA:35,5
DA:36,46
DA:37,45
DA:38,55
DA:39,122
DA:40,20
DA:41,13
DA:42,16
DA:43,25
DA:44,6
DA:45,48
DA:46,49
DA:47,53
DA:48,3
DA:49,5
DA:50,29
DA:51,33
DA:52,2
DA:53,1
LF:54
LH:49
end_of_record
TN:
SF:features\recipe\ingredient.const.ts
FNF:1
FNH:1
DA:1,56
DA:2,56
DA:3,49
DA:4,45
DA:5,47
DA:6,43
DA:7,56
DA:8,63
DA:9,66
DA:10,43
DA:11,58
DA:12,45
DA:13,41
DA:14,47
DA:15,45
DA:16,54
DA:17,43
DA:18,45
DA:19,55
DA:20,53
DA:21,47
DA:22,49
DA:23,52
DA:24,49
DA:25,52
DA:26,52
DA:27,60
DA:28,58
DA:29,54
DA:30,52
DA:31,49
DA:32,58
DA:33,56
DA:34,69
DA:35,62
DA:36,56
DA:37,69
DA:38,54
DA:39,58
DA:40,47
DA:41,58
DA:42,47
DA:43,47
DA:44,45
DA:45,56
DA:46,58
DA:47,60
DA:48,43
DA:49,50
DA:50,56
DA:51,45
DA:52,45
DA:53,45
DA:54,47
DA:55,58
DA:56,51
DA:57,73
DA:58,73
DA:59,49
DA:60,49
DA:61,54
DA:62,47
DA:63,62
DA:64,51
DA:65,47
DA:66,47
DA:67,47
DA:68,43
DA:69,60
DA:70,51
DA:71,51
DA:72,70
DA:73,45
DA:74,58
DA:75,60
DA:76,67
DA:77,52
DA:78,55
DA:79,54
DA:80,64
DA:81,56
DA:82,54
DA:83,36
DA:84,30
DA:85,30
DA:86,23
DA:87,19
DA:88,21
DA:89,17
DA:90,30
DA:91,37
DA:92,40
DA:93,17
DA:94,32
DA:95,19
DA:96,15
DA:97,21
DA:98,19
DA:99,28
DA:100,17
DA:101,19
DA:102,29
DA:103,27
DA:104,21
DA:105,23
DA:106,26
DA:107,23
DA:108,26
DA:109,26
DA:110,34
DA:111,32
DA:112,28
DA:113,26
DA:114,23
DA:115,32
DA:116,30
DA:117,43
DA:118,36
DA:119,30
DA:120,43
DA:121,28
DA:122,32
DA:123,21
DA:124,32
DA:125,21
DA:126,21
DA:127,19
DA:128,30
DA:129,32
DA:130,34
DA:131,17
DA:132,24
DA:133,30
DA:134,19
DA:135,19
DA:136,19
DA:137,21
DA:138,32
DA:139,25
DA:140,47
DA:141,47
DA:142,23
DA:143,23
DA:144,28
DA:145,21
DA:146,36
DA:147,25
DA:148,21
DA:149,21
DA:150,21
DA:151,17
DA:152,34
DA:153,25
DA:154,25
DA:155,44
DA:156,19
DA:157,32
DA:158,34
DA:159,41
DA:160,26
DA:161,29
DA:162,28
DA:163,38
DA:164,30
DA:165,27
DA:166,2
LF:167
LH:166
end_of_record
TN:
SF:features\recipe\recipe.const.ts
FNF:1
FNH:1
DA:1,47
DA:2,45
DA:3,37
DA:4,41
DA:5,48
DA:6,30
DA:7,27
DA:8,25
DA:9,21
DA:10,17
DA:11,27
DA:12,2
LF:13
LH:12
end_of_record
TN:
SF:features\recipe\steps.const.ts
FNF:1
FNH:1
DA:1,39
DA:2,61
DA:3,46
DA:4,50
DA:5,48
DA:6,52
DA:7,59
DA:8,46
DA:9,61
DA:10,65
DA:11,50
DA:12,56
DA:13,60
DA:14,50
DA:15,50
DA:16,44
DA:17,59
DA:18,46
DA:19,63
DA:20,50
DA:21,52
DA:22,71
DA:23,88
DA:24,57
DA:25,48
DA:26,65
DA:27,48
DA:28,50
DA:29,54
DA:30,67
DA:31,50
DA:32,46
DA:33,61
DA:34,52
DA:35,50
DA:36,65
DA:37,58
DA:38,55
DA:39,56
DA:40,52
DA:41,76
DA:42,69
DA:43,66
DA:44,57
DA:45,69
DA:46,59
DA:47,57
DA:48,59
DA:49,48
DA:50,55
DA:51,50
DA:52,30
DA:53,19
DA:54,41
DA:55,26
DA:56,30
DA:57,28
DA:58,32
DA:59,39
DA:60,26
DA:61,41
DA:62,45
DA:63,30
DA:64,36
DA:65,40
DA:66,30
DA:67,30
DA:68,24
DA:69,39
DA:70,26
DA:71,43
DA:72,30
DA:73,32
DA:74,51
DA:75,68
DA:76,37
DA:77,28
DA:78,45
DA:79,28
DA:80,30
DA:81,34
DA:82,47
DA:83,30
DA:84,26
DA:85,41
DA:86,32
DA:87,30
DA:88,45
DA:89,38
DA:90,35
DA:91,36
DA:92,32
DA:93,56
DA:94,49
DA:95,46
DA:96,37
DA:97,49
DA:98,39
DA:99,37
DA:100,39
DA:101,28
DA:102,35
DA:103,29
DA:104,2
LF:105
LH:104
end_of_record
TN:
SF:features\recipe\variant.const.ts
FNF:1
FNH:1
DA:1,59
DA:2,51
DA:3,53
DA:4,61
DA:5,61
DA:6,70
DA:7,65
DA:8,62
DA:9,66
DA:10,33
DA:11,3
DA:12,15
DA:13,13
DA:14,33
DA:15,42
DA:16,41
DA:17,6
DA:18,4
DA:19,3
DA:20,14
DA:21,13
DA:22,31
DA:23,6
DA:24,4
DA:25,3
DA:26,13
DA:27,13
DA:28,38
DA:29,6
DA:30,4
DA:31,3
DA:32,11
DA:33,13
DA:34,27
DA:35,28
DA:36,6
DA:37,4
DA:38,3
DA:39,17
DA:40,13
DA:41,32
DA:42,35
DA:43,6
DA:44,3
DA:45,2
LF:46
LH:45
end_of_record
TN:
SF:features\router\router.handlers.ts
FNF:3
FNH:3
DA:1,45
DA:2,55
DA:3,51
DA:4,43
DA:5,35
DA:6,35
DA:7,24
DA:8,45
DA:9,2
DA:10,42
DA:11,25
DA:12,35
DA:13,48
DA:14,33
DA:15,41
DA:16,1
LF:17
LH:16
end_of_record
TN:
SF:features\router\router.history.ts
FNF:2
FNH:2
DA:1,46
DA:2,25
DA:3,2
DA:4,39
DA:5,41
DA:6,1
LF:7
LH:6
end_of_record
TN:
SF:features\router\router.state.ts
FNF:2
FNH:2
DA:1,49
DA:2,38
DA:3,19
DA:4,9
DA:5,27
DA:6,20
DA:7,4
DA:8,17
DA:9,22
DA:10,2
DA:11,24
DA:12,25
DA:13,23
DA:14,33
DA:15,4
DA:16,32
DA:17,45
DA:18,17
DA:19,38
DA:20,6
DA:21,4
DA:22,25
DA:23,14
DA:24,1
DA:25,2
LF:26
LH:25
end_of_record
TN:
SF:features\router\router.template.ts
FNF:4
FNH:4
DA:1,43
DA:2,55
DA:3,16
DA:4,55
DA:5,16
DA:6,2
DA:7,43
DA:8,16
DA:9,3
DA:10,40
DA:11,2
DA:12,36
DA:13,53
DA:14,19
DA:15,44
DA:16,19
DA:17,2
DA:18,46
DA:19,43
DA:20,16
DA:21,3
DA:22,39
DA:23,19
DA:24,3
DA:25,29
DA:26,51
DA:27,53
DA:28,1
LF:29
LH:28
end_of_record
TN:
SF:features\routes\about\about.const.ts
FNF:1
FNH:1
DA:1,52
DA:2,64
DA:3,60
DA:4,27
DA:5,20
DA:6,14
DA:7,20
DA:8,2
DA:9,29
DA:10,3
DA:11,12
DA:12,26
DA:13,23
DA:14,50
DA:15,6
DA:16,14
DA:17,258
DA:18,206
DA:19,482
DA:20,6
DA:21,39
DA:22,15
DA:23,25
DA:24,23
DA:25,36
DA:26,5
DA:27,4
DA:28,3
DA:29,12
DA:30,26
DA:31,26
DA:32,30
DA:33,6
DA:34,14
DA:35,241
DA:36,186
DA:37,421
DA:38,5
DA:39,4
DA:40,3
DA:41,12
DA:42,45
DA:43,36
DA:44,70
DA:45,6
DA:46,14
DA:47,342
DA:48,242
DA:49,622
DA:50,5
DA:51,4
DA:52,3
DA:53,12
DA:54,24
DA:55,23
DA:56,24
DA:57,6
DA:58,14
DA:59,252
DA:60,216
DA:61,468
DA:62,6
DA:63,50
DA:64,15
DA:65,24
DA:66,24
DA:67,37
DA:68,5
DA:69,4
DA:70,3
DA:71,12
DA:72,31
DA:73,32
DA:74,61
DA:75,6
DA:76,14
DA:77,181
DA:78,155
DA:79,373
DA:80,6
DA:81,43
DA:82,15
DA:83,30
DA:84,28
DA:85,43
DA:86,5
DA:87,4
DA:88,3
DA:89,12
DA:90,32
DA:91,26
DA:92,37
DA:93,6
DA:94,14
DA:95,178
DA:96,163
DA:97,378
DA:98,5
DA:99,3
DA:100,1
LF:101
LH:100
end_of_record
TN:
SF:features\routes\about\about.ctrl.ts
FNF:1
FNH:1
DA:1,62
DA:2,127
DA:3,51
DA:4,19
DA:5,5
DA:6,31
DA:7,66
DA:8,20
DA:9,43
DA:10,1
DA:11,48
DA:12,15
DA:13,40
DA:14,4
DA:15,83
DA:16,25
DA:17,49
DA:18,1
DA:19,69
DA:20,19
DA:21,42
DA:22,1
DA:23,55
DA:24,37
DA:25,60
DA:26,23
DA:27,0
DA:28,1
DA:29,57
DA:30,21
DA:31,46
DA:32,6
DA:33,58
DA:34,23
DA:35,50
DA:36,6
DA:37,55
DA:38,20
DA:39,40
DA:40,36
DA:41,50
DA:42,15
DA:43,28
DA:44,8
DA:45,6
DA:46,41
DA:47,4
DA:48,41
DA:49,2
DA:50,2
DA:51,24
LF:52
LH:50
end_of_record
TN:
SF:features\routes\about\about.def.ts
FNF:1
FNH:1
DA:1,37
DA:2,114
DA:3,20
LF:4
LH:3
end_of_record
TN:
SF:features\routes\home\home.ctrl.ts
FNF:2
FNH:2
DA:1,62
DA:2,71
DA:3,86
DA:4,80
DA:5,69
DA:6,18
DA:7,5
DA:8,27
DA:9,34
DA:10,32
DA:11,29
DA:12,26
DA:13,3
DA:14,5
DA:15,37
DA:16,35
DA:17,32
DA:18,30
DA:19,2
DA:20,2
DA:21,23
LF:22
LH:21
end_of_record
TN:
SF:features\routes\home\home.def.ts
FNF:1
FNH:1
DA:1,35
DA:2,101
DA:3,20
LF:4
LH:3
end_of_record
TN:
SF:features\routes\routes.ts
FNF:1
FNH:1
DA:1,38
DA:2,41
DA:3,31
DA:4,7
DA:5,7
DA:6,2
LF:7
LH:6
end_of_record
TN:
SF:features\sprite-sheet\sprite-sheet.const.ts
FNF:1
FNH:1
DA:1,27
LF:2
LH:1
end_of_record
TN:
SF:features\sprite-sheet\sprite-sheet.map.ts
FNF:1
FNH:1
DA:1,46
DA:2,35
DA:3,18
DA:4,3
DA:5,37
DA:6,14
DA:7,15
DA:8,18
DA:9,17
DA:10,14
DA:11,16
DA:12,19
DA:13,3
DA:14,36
DA:15,34
DA:16,33
DA:17,33
DA:18,36
DA:19,38
DA:20,3
DA:21,40
DA:22,33
DA:23,23
DA:24,21
DA:25,26
DA:26,18
DA:27,18
DA:28,7
DA:29,18
DA:30,21
DA:31,18
DA:32,22
DA:33,18
DA:34,7
DA:35,28
DA:36,21
DA:37,18
DA:38,22
DA:39,18
DA:40,7
DA:41,17
DA:42,21
DA:43,18
DA:44,22
DA:45,18
DA:46,7
DA:47,15
DA:48,21
DA:49,18
DA:50,22
DA:51,18
DA:52,7
DA:53,17
DA:54,21
DA:55,18
DA:56,22
DA:57,18
DA:58,7
DA:59,18
DA:60,21
DA:61,18
DA:62,22
DA:63,18
DA:64,7
DA:65,25
DA:66,21
DA:67,18
DA:68,22
DA:69,18
DA:70,7
DA:71,27
DA:72,21
DA:73,18
DA:74,22
DA:75,18
DA:76,7
DA:77,28
DA:78,21
DA:79,18
DA:80,22
DA:81,18
DA:82,7
DA:83,28
DA:84,21
DA:85,18
DA:86,22
DA:87,18
DA:88,7
DA:89,16
DA:90,21
DA:91,18
DA:92,22
DA:93,18
DA:94,7
DA:95,18
DA:96,21
DA:97,18
DA:98,26
DA:99,18
DA:100,6
DA:101,6
DA:102,27
DA:103,30
DA:104,21
DA:105,22
DA:106,22
DA:107,18
DA:108,7
DA:109,30
DA:110,21
DA:111,22
DA:112,22
DA:113,18
DA:114,6
DA:115,6
DA:116,30
DA:117,16
DA:118,21
DA:119,19
DA:120,26
DA:121,18
DA:122,7
DA:123,20
DA:124,21
DA:125,19
DA:126,22
DA:127,18
DA:128,7
DA:129,17
DA:130,21
DA:131,19
DA:132,22
DA:133,18
DA:134,7
DA:135,17
DA:136,21
DA:137,19
DA:138,22
DA:139,18
DA:140,7
DA:141,22
DA:142,21
DA:143,20
DA:144,26
DA:145,18
DA:146,6
DA:147,6
DA:148,36
DA:149,21
DA:150,21
DA:151,19
DA:152,19
DA:153,25
DA:154,7
DA:155,25
DA:156,21
DA:157,22
DA:158,18
DA:159,18
DA:160,7
DA:161,27
DA:162,21
DA:163,22
DA:164,18
DA:165,18
DA:166,7
DA:167,28
DA:168,21
DA:169,22
DA:170,18
DA:171,18
DA:172,7
DA:173,28
DA:174,21
DA:175,22
DA:176,18
DA:177,18
DA:178,7
DA:179,22
DA:180,21
DA:181,19
DA:182,19
DA:183,21
DA:184,7
DA:185,16
DA:186,21
DA:187,18
DA:188,19
DA:189,21
DA:190,7
DA:191,18
DA:192,21
DA:193,18
DA:194,19
DA:195,25
DA:196,7
DA:197,16
DA:198,21
DA:199,18
DA:200,19
DA:201,21
DA:202,7
DA:203,20
DA:204,21
DA:205,18
DA:206,19
DA:207,21
DA:208,7
DA:209,16
DA:210,21
DA:211,18
DA:212,19
DA:213,19
DA:214,6
DA:215,6
DA:216,31
DA:217,16
DA:218,21
DA:219,19
DA:220,26
DA:221,18
DA:222,7
DA:223,20
DA:224,21
DA:225,19
DA:226,22
DA:227,18
DA:228,7
DA:229,17
DA:230,21
DA:231,19
DA:232,22
DA:233,18
DA:234,7
DA:235,17
DA:236,21
DA:237,19
DA:238,22
DA:239,18
DA:240,6
DA:241,6
DA:242,35
DA:243,16
DA:244,21
DA:245,18
DA:246,19
DA:247,21
DA:248,7
DA:249,21
DA:250,21
DA:251,18
DA:252,19
DA:253,21
DA:254,7
DA:255,15
DA:256,21
DA:257,18
DA:258,19
DA:259,21
DA:260,7
DA:261,16
DA:262,21
DA:263,18
DA:264,19
DA:265,21
DA:266,7
DA:267,17
DA:268,21
DA:269,18
DA:270,19
DA:271,21
DA:272,7
DA:273,22
DA:274,21
DA:275,18
DA:276,19
DA:277,21
DA:278,7
DA:279,20
DA:280,21
DA:281,18
DA:282,19
DA:283,21
DA:284,6
DA:285,6
DA:286,31
DA:287,17
DA:288,21
DA:289,19
DA:290,19
DA:291,25
DA:292,7
DA:293,17
DA:294,21
DA:295,20
DA:296,19
DA:297,22
DA:298,6
DA:299,6
DA:300,32
DA:301,15
DA:302,21
DA:303,19
DA:304,19
DA:305,21
DA:306,6
DA:307,6
DA:308,34
DA:309,17
DA:310,21
DA:311,19
DA:312,19
DA:313,21
DA:314,6
DA:315,5
DA:316,2
LF:317
LH:316
end_of_record
TN:
SF:features\sprite-sheet\sprite-sheet.utils.ts
FNF:6
FNH:6
DA:1,48
DA:2,30
DA:3,19
DA:4,4
DA:5,77
DA:6,38
DA:7,30
DA:8,27
DA:9,36
DA:10,20
DA:11,9
DA:12,28
DA:13,56
DA:14,20
DA:15,9
DA:16,22
DA:17,6
DA:18,3
DA:19,36
DA:20,3
DA:21,1
LF:22
LH:21
end_of_record
TN:
SF:features\translate\translate.const.ts
FNF:1
FNH:1
DA:1,39
DA:2,62
DA:3,19
DA:4,8
DA:5,18
DA:6,14
DA:7,22
DA:8,4
DA:9,11
DA:10,20
DA:11,17
DA:12,22
DA:13,4
DA:14,13
DA:15,22
DA:16,19
DA:17,22
DA:18,4
DA:19,11
DA:20,26
DA:21,17
DA:22,22
DA:23,4
DA:24,9
DA:25,15
DA:26,15
DA:27,16
DA:28,4
DA:29,10
DA:30,22
DA:31,16
DA:32,22
DA:33,4
DA:34,11
DA:35,18
DA:36,17
DA:37,22
DA:38,4
DA:39,30
DA:40,106
DA:41,93
DA:42,174
DA:43,4
DA:44,11
DA:45,17
DA:46,17
DA:47,34
DA:48,4
DA:49,25
DA:50,77
DA:51,61
DA:52,122
DA:53,4
DA:54,16
DA:55,26
DA:56,26
DA:57,59
DA:58,4
DA:59,18
DA:60,22
DA:61,22
DA:62,39
DA:63,4
DA:64,16
DA:65,25
DA:66,22
DA:67,22
DA:68,4
DA:69,10
DA:70,20
DA:71,16
DA:72,22
DA:73,4
DA:74,21
DA:75,37
DA:76,25
DA:77,53
DA:78,3
DA:79,1
LF:80
LH:79
end_of_record
TN:
SF:features\translate\translate.store.ts
FNF:3
FNH:3
DA:1,47
DA:2,54
DA:3,39
DA:4,32
DA:5,48
DA:6,44
DA:7,65
DA:8,32
DA:9,67
DA:10,19
DA:11,43
DA:12,4
DA:13,4
DA:14,2
DA:15,43
DA:16,39
DA:17,20
DA:18,4
DA:19,37
DA:20,38
DA:21,2
LF:22
LH:21
end_of_record
TN:
SF:features\translate\translate.ts
FNF:1
FNH:1
DA:1,51
DA:2,35
DA:3,89
DA:4,1
LF:5
LH:4
end_of_record
TN:
SF:features\translate\translate.utils.ts
FNF:1
FNH:1
DA:1,63
DA:2,10
DA:3,48
DA:4,17
DA:5,61
DA:6,49
DA:7,27
DA:8,0
DA:9,0
DA:10,0
DA:11,0
LF:13
LH:7
end_of_record
TN:
SF:features\version\version.const.ts
FNF:1
FNH:1
DA:1,45
DA:2,30
LF:3
LH:2
end_of_record
TN:
SF:features\version\version.utils.ts
FNF:1
FNH:1
DA:1,42
DA:2,10
DA:3,60
DA:4,22
DA:5,41
DA:6,2
LF:8
LH:6
end_of_record
TN:
SF:preload.ts
FNF:1
FNH:1
DA:1,66
DA:2,28
LF:3
LH:2
end_of_record
TN:
SF:utils\active-footer-link.ts
FNF:1
FNH:0
DA:1,0
DA:2,0
DA:3,0
DA:4,0
DA:5,0
DA:6,0
DA:7,0
DA:8,0
DA:9,0
LF:12
LH:0
end_of_record
TN:
SF:utils\proxy-sub.ts
FNF:15
FNH:14
DA:1,10
DA:2,10
DA:3,23
DA:4,15
DA:5,35
DA:6,47
DA:7,2
DA:8,11
DA:9,57
DA:10,4
DA:11,2
DA:12,1
DA:13,31
DA:14,54
DA:15,17
DA:16,20
DA:17,24
DA:18,4
DA:19,27
DA:20,19
DA:21,24
DA:22,2
DA:23,26
DA:24,27
DA:25,50
DA:26,96
DA:27,28
DA:28,6
DA:29,16
DA:30,1
DA:31,3
DA:32,1
DA:33,25
DA:34,36
DA:35,1
DA:36,16
DA:37,36
DA:38,57
DA:39,30
DA:40,43
DA:41,62
DA:42,6
DA:43,4
DA:44,10
DA:45,15
DA:46,38
DA:47,11
DA:48,1
DA:49,2
LF:51
LH:49
end_of_record
