TN:
SF:features\crafter-navigator\crafter-navigator.ctrl.ts
FNF:6
FNH:6
DA:1,66
DA:2,108
DA:3,50
DA:4,16
DA:5,5
DA:6,53
DA:7,28
DA:8,40
DA:9,17
DA:10,36
DA:11,63
DA:12,50
DA:13,6
DA:14,61
DA:15,63
DA:16,65
DA:17,26
DA:18,6
DA:19,3
DA:20,9
DA:21,53
DA:22,74
DA:23,32
DA:24,61
DA:25,68
DA:26,6
DA:27,3
DA:28,5
DA:29,26
DA:30,25
DA:31,4
DA:32,2
DA:33,1
LF:34
LH:33
end_of_record
TN:
SF:features\crafter-navigator\crafter-navigator.store.ts
FNF:3
FNH:3
DA:1,50
DA:2,52
DA:3,44
DA:4,52
DA:5,12
DA:6,48
DA:7,43
DA:8,2
DA:9,50
DA:10,24
DA:11,8
DA:12,16
DA:13,4
DA:14,33
DA:15,38
DA:16,2
LF:17
LH:16
end_of_record
TN:
SF:features\crafter-navigator\crafter-navigator.utils.ts
FNF:3
FNH:3
DA:1,66
DA:2,57
DA:3,10
DA:4,58
DA:5,17
DA:6,47
DA:7,17
DA:8,1
DA:9,14
DA:10,47
DA:11,46
DA:12,28
DA:13,25
DA:14,22
DA:15,47
DA:16,48
DA:17,47
DA:18,69
DA:19,78
DA:20,46
DA:21,40
DA:22,39
DA:23,39
DA:24,40
DA:25,38
DA:26,14
DA:27,1
DA:28,11
DA:29,26
DA:30,69
DA:31,45
DA:32,17
DA:33,51
DA:34,2
LF:36
LH:34
end_of_record
TN:
SF:features\crafter-navigator\crafter.navigator.const.ts
FNF:1
FNH:1
DA:1,51
DA:2,51
DA:3,59
DA:4,55
DA:5,47
DA:6,22
DA:7,3
DA:8,17
DA:9,21
DA:10,19
DA:11,49
DA:12,4
DA:13,3
DA:14,17
DA:15,29
DA:16,19
DA:17,56
DA:18,4
DA:19,3
DA:20,21
DA:21,23
DA:22,23
DA:23,54
DA:24,4
DA:25,3
DA:26,19
DA:27,20
DA:28,21
DA:29,53
DA:30,3
DA:31,1
LF:32
LH:31
end_of_record
TN:
SF:features\router\router.handlers.ts
FNF:3
FNH:3
DA:1,45
DA:2,55
DA:3,51
DA:4,43
DA:5,35
DA:6,35
DA:7,24
DA:8,45
DA:9,2
DA:10,42
DA:11,25
DA:12,35
DA:13,48
DA:14,33
DA:15,41
DA:16,1
LF:17
LH:16
end_of_record
TN:
SF:features\router\router.history.ts
FNF:2
FNH:2
DA:1,46
DA:2,25
DA:3,2
DA:4,39
DA:5,41
DA:6,1
LF:7
LH:6
end_of_record
TN:
SF:features\router\router.state.ts
FNF:2
FNH:2
DA:1,42
DA:2,38
DA:3,19
DA:4,9
DA:5,27
DA:6,20
DA:7,4
DA:8,17
DA:9,22
DA:10,2
DA:11,24
DA:12,25
DA:13,23
DA:14,33
DA:15,4
DA:16,32
DA:17,45
DA:18,17
DA:19,38
DA:20,6
DA:21,4
DA:22,25
DA:23,14
DA:24,1
DA:25,2
LF:26
LH:25
end_of_record
TN:
SF:features\router\router.template.ts
FNF:4
FNH:4
DA:1,43
DA:2,55
DA:3,16
DA:4,55
DA:5,16
DA:6,2
DA:7,43
DA:8,16
DA:9,3
DA:10,40
DA:11,2
DA:12,36
DA:13,53
DA:14,19
DA:15,44
DA:16,19
DA:17,2
DA:18,46
DA:19,43
DA:20,16
DA:21,3
DA:22,39
DA:23,19
DA:24,3
DA:25,29
DA:26,51
DA:27,53
DA:28,1
LF:29
LH:28
end_of_record
TN:
SF:features\routes\about\about.ctrl.ts
FNF:1
FNH:0
DA:1,16
DA:2,0
DA:3,0
DA:4,1
DA:5,1
LF:6
LH:3
end_of_record
TN:
SF:features\routes\about\about.def.ts
FNF:1
FNH:1
DA:1,37
DA:2,114
DA:3,20
LF:4
LH:3
end_of_record
TN:
SF:features\routes\home\home.ctrl.ts
FNF:2
FNH:0
DA:1,82
DA:2,16
DA:3,0
DA:4,0
DA:5,2
DA:6,0
DA:7,0
DA:8,1
DA:9,1
LF:10
LH:5
end_of_record
TN:
SF:features\routes\home\home.def.ts
FNF:1
FNH:1
DA:1,35
DA:2,101
DA:3,20
LF:4
LH:3
end_of_record
TN:
SF:features\routes\routes.ts
FNF:1
FNH:1
DA:1,38
DA:2,41
DA:3,31
DA:4,7
DA:5,7
DA:6,2
LF:7
LH:6
end_of_record
TN:
SF:preload.ts
FNF:1
FNH:1
DA:1,66
DA:2,28
LF:3
LH:2
end_of_record
TN:
SF:utils\proxy-sub.ts
FNF:15
FNH:14
DA:1,10
DA:2,10
DA:3,23
DA:4,15
DA:5,35
DA:6,47
DA:7,2
DA:8,11
DA:9,57
DA:10,4
DA:11,2
DA:12,1
DA:13,31
DA:14,54
DA:15,17
DA:16,20
DA:17,24
DA:18,4
DA:19,27
DA:20,19
DA:21,24
DA:22,2
DA:23,26
DA:24,27
DA:25,50
DA:26,96
DA:27,28
DA:28,6
DA:29,16
DA:30,1
DA:31,3
DA:32,1
DA:33,25
DA:34,36
DA:35,1
DA:36,16
DA:37,36
DA:38,57
DA:39,30
DA:40,43
DA:41,62
DA:42,6
DA:43,4
DA:44,10
DA:45,15
DA:46,38
DA:47,11
DA:48,1
DA:49,2
LF:51
LH:49
end_of_record
